<?xml version="1.0" encoding="UTF-8"?>
<!-- Generated by org.testng.reporters.JUnitReportReporter -->
<testsuite hostname="DESKTOP-0NR2IK8" failures="0" tests="3" name="practiceProjects1.Test1" time="31.341" errors="0" timestamp="2025-07-29T18:02:56 IST" skipped="0">
  <testcase classname="practiceProjects1.Test1" name="LoginPage" time="8.287"/>
  <testcase classname="practiceProjects1.Test1" name="LoginPage" time="16.445"/>
  <testcase classname="practiceProjects1.Test1" name="LoginPage" time="6.609"/>
</testsuite> <!-- practiceProjects1.Test1 -->
