<?xml version="1.0" encoding="UTF-8"?>
<!-- Generated by org.testng.reporters.JUnitReportReporter -->
<testsuite hostname="DESKTOP-0NR2IK8" failures="0" tests="3" name="practiceProjects.p.Test1" time="31.350" errors="0" timestamp="2025-07-28T17:15:29 IST" skipped="0">
  <testcase classname="practiceProjects.p.Test1" name="LoginPage" time="7.130"/>
  <testcase classname="practiceProjects.p.Test1" name="LoginPage" time="17.307"/>
  <testcase classname="practiceProjects.p.Test1" name="LoginPage" time="6.913"/>
</testsuite> <!-- practiceProjects.p.Test1 -->
