<?xml version="1.0" encoding="UTF-8"?>
<!-- Generated by org.testng.reporters.JUnitReportReporter -->
<testsuite hostname="DESKTOP-0NR2IK8" failures="0" tests="3" name="practiceProjects.p.Test1" time="32.045" errors="0" timestamp="2025-07-29T17:23:41 IST" skipped="0">
  <testcase classname="practiceProjects.p.Test1" name="LoginPage" time="6.708"/>
  <testcase classname="practiceProjects.p.Test1" name="LoginPage" time="18.033"/>
  <testcase classname="practiceProjects.p.Test1" name="LoginPage" time="7.304"/>
</testsuite> <!-- practiceProjects.p.Test1 -->
